# JRE version: Java(TM) SE Runtime Environment (8.0_05-b13) (build 1.8.0_05-b13)
# Java VM: Java HotSpot(TM) 64-Bit Server VM (25.5-b02 mixed mode windows-amd64 compressed oops)
Heap:
 def new generation   total 212544K, used 50089K [0x00000000a2400000, 0x00000000b0a90000, 0x00000000c1800000)
  eden space 188992K,  22% used [0x00000000a2400000, 0x00000000a4de90a0, 0x00000000adc90000)
  from space 23552K,  30% used [0x00000000adc90000, 0x00000000ae391528, 0x00000000af390000)
  to   space 23552K,   0% used [0x00000000af390000, 0x00000000af390000, 0x00000000b0a90000)
 tenured generation   total 472112K, used 363172K [0x00000000c1800000, 0x00000000de50c000, 0x0000000100000000)
   the space 472112K,  76% used [0x00000000c1800000, 0x00000000d7aa90a8, 0x00000000d7aa9200, 0x00000000de50c000)
 Metaspace       used 55359K, capacity 56978K, committed 57260K, reserved 1099776K
  class space    used 7396K, capacity 7754K, committed 7852K, reserved 1048576K
GC Heap History (10 events):
Event: 1161.386 GC heap before
{Heap before GC invocations=423 (full 3):
 def new generation   total 212544K, used 201249K [0x00000000a2400000, 0x00000000b0a90000, 0x00000000c1800000)
  eden space 188992K, 100% used [0x00000000a2400000, 0x00000000adc90000, 0x00000000adc90000)
  from space 23552K,  52% used [0x00000000af390000, 0x00000000aff884e0, 0x00000000b0a90000)
  to   space 23552K,   0% used [0x00000000adc90000, 0x00000000adc90000, 0x00000000af390000)
 tenured generation   total 472112K, used 321461K [0x00000000c1800000, 0x00000000de50c000, 0x0000000100000000)
   the space 472112K,  68% used [0x00000000c1800000, 0x00000000d51ed5e8, 0x00000000d51ed600, 0x00000000de50c000)
 Metaspace       used 55319K, capacity 56946K, committed 57132K, reserved 1099776K
  class space    used 7394K, capacity 7722K, committed 7724K, reserved 1048576K
Event: 1161.446 GC heap after
Heap after GC invocations=424 (full 3):
 def new generation   total 212544K, used 23552K [0x00000000a2400000, 0x00000000b0a90000, 0x00000000c1800000)
  eden space 188992K,   0% used [0x00000000a2400000, 0x00000000a2400000, 0x00000000adc90000)
  from space 23552K, 100% used [0x00000000adc90000, 0x00000000af390000, 0x00000000af390000)
  to   space 23552K,   0% used [0x00000000af390000, 0x00000000af390000, 0x00000000b0a90000)
 tenured generation   total 472112K, used 339622K [0x00000000c1800000, 0x00000000de50c000, 0x0000000100000000)
   the space 472112K,  71% used [0x00000000c1800000, 0x00000000d63a9920, 0x00000000d63a9a00, 0x00000000de50c000)
 Metaspace       used 55319K, capacity 56946K, committed 57132K, reserved 1099776K
  class space    used 7394K, capacity 7722K, committed 7724K, reserved 1048576K
}
Event: 1161.464 GC heap before
{Heap before GC invocations=424 (full 3):
 def new generation   total 212544K, used 212544K [0x00000000a2400000, 0x00000000b0a90000, 0x00000000c1800000)
  eden space 188992K, 100% used [0x00000000a2400000, 0x00000000adc90000, 0x00000000adc90000)
  from space 23552K, 100% used [0x00000000adc90000, 0x00000000af390000, 0x00000000af390000)
  to   space 23552K,   0% used [0x00000000af390000, 0x00000000af390000, 0x00000000b0a90000)
 tenured generation   total 472112K, used 339622K [0x00000000c1800000, 0x00000000de50c000, 0x0000000100000000)
   the space 472112K,  71% used [0x00000000c1800000, 0x00000000d63a9920, 0x00000000d63a9a00, 0x00000000de50c000)
 Metaspace       used 55319K, capacity 56946K, committed 57132K, reserved 1099776K
  class space    used 7394K, capacity 7722K, committed 7724K, reserved 1048576K
Event: 1161.482 GC heap after
Heap after GC invocations=425 (full 3):
 def new generation   total 212544K, used 3597K [0x00000000a2400000, 0x00000000b0a90000, 0x00000000c1800000)
  eden space 188992K,   0% used [0x00000000a2400000, 0x00000000a2400000, 0x00000000adc90000)
  from space 23552K,  15% used [0x00000000af390000, 0x00000000af713698, 0x00000000b0a90000)
  to   space 23552K,   0% used [0x00000000adc90000, 0x00000000adc90000, 0x00000000af390000)
 tenured generation   total 472112K, used 363172K [0x00000000c1800000, 0x00000000de50c000, 0x0000000100000000)
   the space 472112K,  76% used [0x00000000c1800000, 0x00000000d7aa90a8, 0x00000000d7aa9200, 0x00000000de50c000)
 Metaspace       used 55319K, capacity 56946K, committed 57132K, reserved 1099776K
  class space    used 7394K, capacity 7722K, committed 7724K, reserved 1048576K
}
Event: 1161.499 GC heap before
{Heap before GC invocations=425 (full 3):
 def new generation   total 212544K, used 192589K [0x00000000a2400000, 0x00000000b0a90000, 0x00000000c1800000)
  eden space 188992K, 100% used [0x00000000a2400000, 0x00000000adc90000, 0x00000000adc90000)
  from space 23552K,  15% used [0x00000000af390000, 0x00000000af713698, 0x00000000b0a90000)
  to   space 23552K,   0% used [0x00000000adc90000, 0x00000000adc90000, 0x00000000af390000)
 tenured generation   total 472112K, used 363172K [0x00000000c1800000, 0x00000000de50c000, 0x0000000100000000)
   the space 472112K,  76% used [0x00000000c1800000, 0x00000000d7aa90a8, 0x00000000d7aa9200, 0x00000000de50c000)
 Metaspace       used 55319K, capacity 56946K, committed 57132K, reserved 1099776K
  class space    used 7394K, capacity 7722K, committed 7724K, reserved 1048576K
Event: 1161.502 GC heap after
Heap after GC invocations=426 (full 3):
 def new generation   total 212544K, used 5083K [0x00000000a2400000, 0x00000000b0a90000, 0x00000000c1800000)
  eden space 188992K,   0% used [0x00000000a2400000, 0x00000000a2400000, 0x00000000adc90000)
  from space 23552K,  21% used [0x00000000adc90000, 0x00000000ae186ee0, 0x00000000af390000)
  to   space 23552K,   0% used [0x00000000af390000, 0x00000000af390000, 0x00000000b0a90000)
 tenured generation   total 472112K, used 363172K [0x00000000c1800000, 0x00000000de50c000, 0x0000000100000000)
   the space 472112K,  76% used [0x00000000c1800000, 0x00000000d7aa90a8, 0x00000000d7aa9200, 0x00000000de50c000)
 Metaspace       used 55319K, capacity 56946K, committed 57132K, reserved 1099776K
  class space    used 7394K, capacity 7722K, committed 7724K, reserved 1048576K
}
Event: 1161.520 GC heap before
{Heap before GC invocations=426 (full 3):
 def new generation   total 212544K, used 194075K [0x00000000a2400000, 0x00000000b0a90000, 0x00000000c1800000)
  eden space 188992K, 100% used [0x00000000a2400000, 0x00000000adc90000, 0x00000000adc90000)
  from space 23552K,  21% used [0x00000000adc90000, 0x00000000ae186ee0, 0x00000000af390000)
  to   space 23552K,   0% used [0x00000000af390000, 0x00000000af390000, 0x00000000b0a90000)
 tenured generation   total 472112K, used 363172K [0x00000000c1800000, 0x00000000de50c000, 0x0000000100000000)
   the space 472112K,  76% used [0x00000000c1800000, 0x00000000d7aa90a8, 0x00000000d7aa9200, 0x00000000de50c000)
 Metaspace       used 55319K, capacity 56946K, committed 57132K, reserved 1099776K
  class space    used 7394K, capacity 7722K, committed 7724K, reserved 1048576K
Event: 1161.524 GC heap after
Heap after GC invocations=427 (full 3):
 def new generation   total 212544K, used 7975K [0x00000000a2400000, 0x00000000b0a90000, 0x00000000c1800000)
  eden space 188992K,   0% used [0x00000000a2400000, 0x00000000a2400000, 0x00000000adc90000)
  from space 23552K,  33% used [0x00000000af390000, 0x00000000afb59ec0, 0x00000000b0a90000)
  to   space 23552K,   0% used [0x00000000adc90000, 0x00000000adc90000, 0x00000000af390000)
 tenured generation   total 472112K, used 363172K [0x00000000c1800000, 0x00000000de50c000, 0x0000000100000000)
   the space 472112K,  76% used [0x00000000c1800000, 0x00000000d7aa90a8, 0x00000000d7aa9200, 0x00000000de50c000)
 Metaspace       used 55319K, capacity 56946K, committed 57132K, reserved 1099776K
  class space    used 7394K, capacity 7722K, committed 7724K, reserved 1048576K
}
Event: 1179.277 GC heap before
{Heap before GC invocations=427 (full 3):
 def new generation   total 212544K, used 196967K [0x00000000a2400000, 0x00000000b0a90000, 0x00000000c1800000)
  eden space 188992K, 100% used [0x00000000a2400000, 0x00000000adc90000, 0x00000000adc90000)
  from space 23552K,  33% used [0x00000000af390000, 0x00000000afb59ec0, 0x00000000b0a90000)
  to   space 23552K,   0% used [0x00000000adc90000, 0x00000000adc90000, 0x00000000af390000)
 tenured generation   total 472112K, used 363172K [0x00000000c1800000, 0x00000000de50c000, 0x0000000100000000)
   the space 472112K,  76% used [0x00000000c1800000, 0x00000000d7aa90a8, 0x00000000d7aa9200, 0x00000000de50c000)
 Metaspace       used 55328K, capacity 56946K, committed 57132K, reserved 1099776K
  class space    used 7394K, capacity 7722K, committed 7724K, reserved 1048576K
Event: 1179.281 GC heap after
Heap after GC invocations=428 (full 3):
 def new generation   total 212544K, used 7173K [0x00000000a2400000, 0x00000000b0a90000, 0x00000000c1800000)
  eden space 188992K,   0% used [0x00000000a2400000, 0x00000000a2400000, 0x00000000adc90000)
  from space 23552K,  30% used [0x00000000adc90000, 0x00000000ae391528, 0x00000000af390000)
  to   space 23552K,   0% used [0x00000000af390000, 0x00000000af390000, 0x00000000b0a90000)
 tenured generation   total 472112K, used 363172K [0x00000000c1800000, 0x00000000de50c000, 0x0000000100000000)
   the space 472112K,  76% used [0x00000000c1800000, 0x00000000d7aa90a8, 0x00000000d7aa9200, 0x00000000de50c000)
 Metaspace       used 55328K, capacity 56946K, committed 57132K, reserved 1099776K
  class space    used 7394K, capacity 7722K, committed 7724K, reserved 1048576K
}

